\BOOKMARK [1][-]{section.1}{Einleitung}{}% 1
\BOOKMARK [1][-]{section.2}{Motivation}{}% 2
\BOOKMARK [1][-]{section.3}{Ausgangslage - die erste Version des Tools}{}% 3
\BOOKMARK [1][-]{section.4}{Das erweiterte Tool}{}% 4
\BOOKMARK [2][-]{subsection.4.1}{Der Browse-Button}{section.4}% 5
\BOOKMARK [3][-]{subsubsection.4.1.1}{Aktion des Benutzers}{subsection.4.1}% 6
\BOOKMARK [3][-]{subsubsection.4.1.2}{Aktionen des QualityControlTool}{subsection.4.1}% 7
\BOOKMARK [3][-]{subsubsection.4.1.3}{Implementierung}{subsection.4.1}% 8
\BOOKMARK [2][-]{subsection.4.2}{Der Load-Button}{section.4}% 9
\BOOKMARK [3][-]{subsubsection.4.2.1}{M\366glichkeiten f\374r den Benutzer}{subsection.4.2}% 10
\BOOKMARK [3][-]{subsubsection.4.2.2}{Implementierung}{subsection.4.2}% 11
\BOOKMARK [2][-]{subsection.4.3}{PlotAllData + Cut -Button}{section.4}% 12
\BOOKMARK [3][-]{subsubsection.4.3.1}{Implementierung}{subsection.4.3}% 13
\BOOKMARK [3][-]{subsubsection.4.3.2}{Cut Data}{subsection.4.3}% 14
\BOOKMARK [2][-]{subsection.4.4}{PlotRelevantData-Button}{section.4}% 15
\BOOKMARK [3][-]{subsubsection.4.4.1}{Implementierung}{subsection.4.4}% 16
\BOOKMARK [2][-]{subsection.4.5}{Wearing time van Hees-Button}{section.4}% 17
\BOOKMARK [3][-]{subsubsection.4.5.1}{Implementierung}{subsection.4.5}% 18
\BOOKMARK [2][-]{subsection.4.6}{Raw to Counts/METs-Button}{section.4}% 19
\BOOKMARK [3][-]{subsubsection.4.6.1}{Aktionen des QualityControlTool}{subsection.4.6}% 20
\BOOKMARK [3][-]{subsubsection.4.6.2}{Implementierung}{subsection.4.6}% 21
\BOOKMARK [1][-]{section.5}{Abh\344ngigkeiten im QualityControlTool}{}% 22
\BOOKMARK [1][-]{section.6}{Beispielablauf einer Analyse von Shimmer Daten}{}% 23
\BOOKMARK [2][-]{subsection.6.1}{Starten des Programms}{section.6}% 24
\BOOKMARK [2][-]{subsection.6.2}{Laden einer Shimmer Datei}{section.6}% 25
\BOOKMARK [2][-]{subsection.6.3}{Umwandeln von Rohdaten in Counts}{section.6}% 26
\BOOKMARK [2][-]{subsection.6.4}{Plotten aller Daten}{section.6}% 27
\BOOKMARK [2][-]{subsection.6.5}{Plotten der relevanten Rohdaten}{section.6}% 28
\BOOKMARK [2][-]{subsection.6.6}{Berechnung der Tragezeit nach van Hees}{section.6}% 29
\BOOKMARK [2][-]{subsection.6.7}{}{section.6}% 30
\BOOKMARK [1][-]{section.7}{Hinweise zur Benutzung des Tools}{}% 31
