This is pdfTeX, Version 3.1415926-2.4-1.40.13 (MiKTeX 2.9 64-bit) (preloaded format=pdflatex 2013.4.3)  4 JUN 2013 09:25
entering extended mode
**Ausarbeitung.tex
(C:\Users\Sarah\git\latex_idp\Ausarbeitung.tex
LaTeX2e <2011/06/27>
Babel <v3.8m> and hyphenation patterns for english, afrikaans, ancientgreek, ar
abic, armenian, assamese, basque, bengali, bokmal, bulgarian, catalan, coptic, 
croatian, czech, danish, dutch, esperanto, estonian, farsi, finnish, french, ga
lician, german, german-x-2012-05-30, greek, gujarati, hindi, hungarian, iceland
ic, indonesian, interlingua, irish, italian, kannada, kurmanji, latin, latvian,
 lithuanian, malayalam, marathi, mongolian, mongolianlmc, monogreek, ngerman, n
german-x-2012-05-30, nynorsk, oriya, panjabi, pinyin, polish, portuguese, roman
ian, russian, sanskrit, serbian, slovak, slovenian, spanish, swedish, swissgerm
an, tamil, telugu, turkish, turkmen, ukenglish, ukrainian, uppersorbian, usengl
ishmax, welsh, loaded.
(C:\Users\Sarah\MiKTeX\tex\latex\base\article.cls
Document Class: article 2007/10/19 v1.4h Standard LaTeX document class
(C:\Users\Sarah\MiKTeX\tex\latex\base\size10.clo
File: size10.clo 2007/10/19 v1.4h Standard LaTeX file (size option)
)
\c@part=\count79
\c@section=\count80
\c@subsection=\count81
\c@subsubsection=\count82
\c@paragraph=\count83
\c@subparagraph=\count84
\c@figure=\count85
\c@table=\count86
\abovecaptionskip=\skip41
\belowcaptionskip=\skip42
\bibindent=\dimen102
)
(C:\Users\Sarah\git\latex_idp\Ausarbeitung.sty
(C:\Users\Sarah\MiKTeX\tex\latex\umlaute\umlaute.sty
Package: umlaute 2006/01/29 v2.1 umlaute package (AS)


Package umlaute Warning: This package has been superseeded by the `inputenc' pa
ckage on input line 32.

(C:\Users\Sarah\MiKTeX\tex\latex\base\inputenc.sty
Package: inputenc 2008/03/30 v1.1d Input encoding file
\inpenc@prehook=\toks14
\inpenc@posthook=\toks15

(C:\Users\Sarah\MiKTeX\tex\latex\base\latin1.def
File: latin1.def 2008/03/30 v1.1d Input encoding file
)))
(C:\Users\Sarah\MiKTeX\tex\latex\german\german.sty v2.5e 1998-07-08
Package: german 1998/07/08 v2.5e Support for writing german texts (br)
\grmnU@D=\dimen103
german -- \language number for Austrian undefined, default 22 used.
)
(C:\Users\Sarah\MiKTeX\tex\latex\graphics\graphicx.sty
Package: graphicx 1999/02/16 v1.0f Enhanced LaTeX Graphics (DPC,SPQR)

(C:\Users\Sarah\MiKTeX\tex\latex\graphics\keyval.sty
Package: keyval 1999/03/16 v1.13 key=value parser (DPC)
\KV@toks@=\toks16
)
(C:\Users\Sarah\MiKTeX\tex\latex\graphics\graphics.sty
Package: graphics 2009/02/05 v1.0o Standard LaTeX Graphics (DPC,SPQR)

(C:\Users\Sarah\MiKTeX\tex\latex\graphics\trig.sty
Package: trig 1999/03/16 v1.09 sin cos tan (DPC)
)
(C:\Users\Sarah\MiKTeX\tex\latex\00miktex\graphics.cfg
File: graphics.cfg 2007/01/18 v1.5 graphics configuration of teTeX/TeXLive
)
Package graphics Info: Driver file: pdftex.def on input line 91.

(C:\Users\Sarah\MiKTeX\tex\latex\pdftex-def\pdftex.def
File: pdftex.def 2011/05/27 v0.06d Graphics/color for pdfTeX

(C:\Users\Sarah\MiKTeX\tex\generic\oberdiek\infwarerr.sty
Package: infwarerr 2010/04/08 v1.3 Providing info/warning/error messages (HO)
)
(C:\Users\Sarah\MiKTeX\tex\generic\oberdiek\ltxcmds.sty
Package: ltxcmds 2011/11/09 v1.22 LaTeX kernel commands for general use (HO)
)
\Gread@gobject=\count87
))
\Gin@req@height=\dimen104
\Gin@req@width=\dimen105
)
(C:\Users\Sarah\MiKTeX\tex\latex\amsfonts\amssymb.sty
Package: amssymb 2013/01/14 v3.01 AMS font symbols

(C:\Users\Sarah\MiKTeX\tex\latex\amsfonts\amsfonts.sty
Package: amsfonts 2013/01/14 v3.01 Basic AMSFonts support
\@emptytoks=\toks17
\symAMSa=\mathgroup4
\symAMSb=\mathgroup5
LaTeX Font Info:    Overwriting math alphabet `\mathfrak' in version `bold'
(Font)                  U/euf/m/n --> U/euf/b/n on input line 106.
))
(C:\Users\Sarah\MiKTeX\tex\latex\ltxmisc\url.sty
\Urlmuskip=\muskip10
Package: url 2006/04/12  ver 3.3  Verb mode for urls, etc.
)
(C:\Users\Sarah\MiKTeX\tex\latex\hyperref\hyperref.sty
Package: hyperref 2012/11/06 v6.83m Hypertext links for LaTeX

(C:\Users\Sarah\MiKTeX\tex\generic\oberdiek\hobsub-hyperref.sty
Package: hobsub-hyperref 2012/04/25 v1.12 Bundle oberdiek, subset hyperref (HO)


(C:\Users\Sarah\MiKTeX\tex\generic\oberdiek\hobsub-generic.sty
Package: hobsub-generic 2012/04/25 v1.12 Bundle oberdiek, subset generic (HO)
Package: hobsub 2012/04/25 v1.12 Construct package bundles (HO)
Package hobsub Info: Skipping package `infwarerr' (already loaded).
Package hobsub Info: Skipping package `ltxcmds' (already loaded).
Package: ifluatex 2010/03/01 v1.3 Provides the ifluatex switch (HO)
Package ifluatex Info: LuaTeX not detected.
Package: ifvtex 2010/03/01 v1.5 Detect VTeX and its facilities (HO)
Package ifvtex Info: VTeX not detected.
Package: intcalc 2007/09/27 v1.1 Expandable calculations with integers (HO)
Package: ifpdf 2011/01/30 v2.3 Provides the ifpdf switch (HO)
Package ifpdf Info: pdfTeX in PDF mode is detected.
Package: etexcmds 2011/02/16 v1.5 Avoid name clashes with e-TeX commands (HO)
Package etexcmds Info: Could not find \expanded.
(etexcmds)             That can mean that you are not using pdfTeX 1.50 or
(etexcmds)             that some package has redefined \expanded.
(etexcmds)             In the latter case, load this package earlier.
Package: kvsetkeys 2012/04/25 v1.16 Key value parser (HO)
Package: kvdefinekeys 2011/04/07 v1.3 Define keys (HO)
Package: pdftexcmds 2011/11/29 v0.20 Utility functions of pdfTeX for LuaTeX (HO
)
Package pdftexcmds Info: LuaTeX not detected.
Package pdftexcmds Info: \pdf@primitive is available.
Package pdftexcmds Info: \pdf@ifprimitive is available.
Package pdftexcmds Info: \pdfdraftmode found.
Package: pdfescape 2011/11/25 v1.13 Implements pdfTeX's escape features (HO)
Package: bigintcalc 2012/04/08 v1.3 Expandable calculations on big integers (HO
)
Package: bitset 2011/01/30 v1.1 Handle bit-vector datatype (HO)
Package: uniquecounter 2011/01/30 v1.2 Provide unlimited unique counter (HO)
)
Package hobsub Info: Skipping package `hobsub' (already loaded).
Package: letltxmacro 2010/09/02 v1.4 Let assignment for LaTeX macros (HO)
Package: hopatch 2011/06/24 v1.1 Wrapper for package hooks (HO)
Package: xcolor-patch 2011/01/30 xcolor patch
Package: atveryend 2011/06/30 v1.8 Hooks at the very end of document (HO)
Package atveryend Info: \enddocument detected (standard20110627).
Package: atbegshi 2011/10/05 v1.16 At begin shipout hook (HO)
Package: refcount 2011/10/16 v3.4 Data extraction from label references (HO)
Package: hycolor 2011/01/30 v1.7 Color options for hyperref/bookmark (HO)
)
(C:\Users\Sarah\MiKTeX\tex\generic\ifxetex\ifxetex.sty
Package: ifxetex 2010/09/12 v0.6 Provides ifxetex conditional
)
(C:\Users\Sarah\MiKTeX\tex\latex\oberdiek\auxhook.sty
Package: auxhook 2011/03/04 v1.3 Hooks for auxiliary files (HO)
)
(C:\Users\Sarah\MiKTeX\tex\latex\oberdiek\kvoptions.sty
Package: kvoptions 2011/06/30 v3.11 Key value format for package options (HO)
)
\@linkdim=\dimen106
\Hy@linkcounter=\count88
\Hy@pagecounter=\count89

(C:\Users\Sarah\MiKTeX\tex\latex\hyperref\pd1enc.def
File: pd1enc.def 2012/11/06 v6.83m Hyperref: PDFDocEncoding definition (HO)
)
\Hy@SavedSpaceFactor=\count90

(C:\Users\Sarah\MiKTeX\tex\latex\00miktex\hyperref.cfg
File: hyperref.cfg 2002/06/06 v1.2 hyperref configuration of TeXLive
)
Package hyperref Info: Option `pdfpagelabels' set `true' on input line 4319.
Package hyperref Info: Option `linktocpage' set `true' on input line 4319.
Package hyperref Info: Option `breaklinks' set `true' on input line 4319.
Package hyperref Info: Hyper figures OFF on input line 4443.
Package hyperref Info: Link nesting OFF on input line 4448.
Package hyperref Info: Hyper index ON on input line 4451.
Package hyperref Info: Plain pages OFF on input line 4458.
Package hyperref Info: Backreferencing OFF on input line 4463.
Package hyperref Info: Implicit mode ON; LaTeX internals redefined.
Package hyperref Info: Bookmarks ON on input line 4688.
\c@Hy@tempcnt=\count91
LaTeX Info: Redefining \url on input line 5041.
\XeTeXLinkMargin=\dimen107
\Fld@menulength=\count92
\Field@Width=\dimen108
\Fld@charsize=\dimen109
Package hyperref Info: Hyper figures OFF on input line 6295.
Package hyperref Info: Link nesting OFF on input line 6300.
Package hyperref Info: Hyper index ON on input line 6303.
Package hyperref Info: backreferencing OFF on input line 6310.
Package hyperref Info: Link coloring OFF on input line 6315.
Package hyperref Info: Link coloring with OCG OFF on input line 6320.
Package hyperref Info: PDF/A mode OFF on input line 6325.
LaTeX Info: Redefining \ref on input line 6365.
LaTeX Info: Redefining \pageref on input line 6369.
\Hy@abspage=\count93
\c@Item=\count94
\c@Hfootnote=\count95
)

Package hyperref Message: Driver (autodetected): hpdftex.

(C:\Users\Sarah\MiKTeX\tex\latex\hyperref\hpdftex.def
File: hpdftex.def 2012/11/06 v6.83m Hyperref driver for pdfTeX
\Fld@listcount=\count96
\c@bookmark@seq@number=\count97

(C:\Users\Sarah\MiKTeX\tex\latex\oberdiek\rerunfilecheck.sty
Package: rerunfilecheck 2011/04/15 v1.7 Rerun checks for auxiliary files (HO)
Package uniquecounter Info: New unique counter `rerunfilecheck' on input line 2
82.
)
\Hy@SectionHShift=\skip43
)
(C:\Users\Sarah\MiKTeX\tex\latex\dstroke\dsfont.sty
Package: dsfont 1995/08/01 v0.1 Double stroke roman fonts
))
(C:\Users\Sarah\MiKTeX\tex\latex\float\float.sty
Package: float 2001/11/08 v1.3d Float enhancements (AL)
\c@float@type=\count98
\float@exts=\toks18
\float@box=\box26
\@float@everytoks=\toks19
\@floatcapt=\box27
)
(C:\Users\Sarah\MiKTeX\tex\latex\amsmath\amsmath.sty
Package: amsmath 2013/01/14 v2.14 AMS math features
\@mathmargin=\skip44

For additional information on amsmath, use the `?' option.
(C:\Users\Sarah\MiKTeX\tex\latex\amsmath\amstext.sty
Package: amstext 2000/06/29 v2.01

(C:\Users\Sarah\MiKTeX\tex\latex\amsmath\amsgen.sty
File: amsgen.sty 1999/11/30 v2.0
\@emptytoks=\toks20
\ex@=\dimen110
))
(C:\Users\Sarah\MiKTeX\tex\latex\amsmath\amsbsy.sty
Package: amsbsy 1999/11/29 v1.2d
\pmbraise@=\dimen111
)
(C:\Users\Sarah\MiKTeX\tex\latex\amsmath\amsopn.sty
Package: amsopn 1999/12/14 v2.01 operator names
)
\inf@bad=\count99
LaTeX Info: Redefining \frac on input line 210.
\uproot@=\count100
\leftroot@=\count101
LaTeX Info: Redefining \overline on input line 306.
\classnum@=\count102
\DOTSCASE@=\count103
LaTeX Info: Redefining \ldots on input line 378.
LaTeX Info: Redefining \dots on input line 381.
LaTeX Info: Redefining \cdots on input line 466.
\Mathstrutbox@=\box28
\strutbox@=\box29
\big@size=\dimen112
LaTeX Font Info:    Redeclaring font encoding OML on input line 566.
LaTeX Font Info:    Redeclaring font encoding OMS on input line 567.
\macc@depth=\count104
\c@MaxMatrixCols=\count105
\dotsspace@=\muskip11
\c@parentequation=\count106
\dspbrk@lvl=\count107
\tag@help=\toks21
\row@=\count108
\column@=\count109
\maxfields@=\count110
\andhelp@=\toks22
\eqnshift@=\dimen113
\alignsep@=\dimen114
\tagshift@=\dimen115
\tagwidth@=\dimen116
\totwidth@=\dimen117
\lineht@=\dimen118
\@envbody=\toks23
\multlinegap=\skip45
\multlinetaggap=\skip46
\mathdisplay@stack=\toks24
LaTeX Info: Redefining \[ on input line 2665.
LaTeX Info: Redefining \] on input line 2666.
)
(C:\Users\Sarah\git\latex_idp\Ausarbeitung.aux)
LaTeX Font Info:    Checking defaults for OML/cmm/m/it on input line 19.
LaTeX Font Info:    ... okay on input line 19.
LaTeX Font Info:    Checking defaults for T1/cmr/m/n on input line 19.
LaTeX Font Info:    ... okay on input line 19.
LaTeX Font Info:    Checking defaults for OT1/cmr/m/n on input line 19.
LaTeX Font Info:    ... okay on input line 19.
LaTeX Font Info:    Checking defaults for OMS/cmsy/m/n on input line 19.
LaTeX Font Info:    ... okay on input line 19.
LaTeX Font Info:    Checking defaults for OMX/cmex/m/n on input line 19.
LaTeX Font Info:    ... okay on input line 19.
LaTeX Font Info:    Checking defaults for U/cmr/m/n on input line 19.
LaTeX Font Info:    ... okay on input line 19.
LaTeX Font Info:    Checking defaults for PD1/pdf/m/n on input line 19.
LaTeX Font Info:    ... okay on input line 19.

(C:\Users\Sarah\MiKTeX\tex\context\base\supp-pdf.mkii
[Loading MPS to PDF converter (version 2006.09.02).]
\scratchcounter=\count111
\scratchdimen=\dimen119
\scratchbox=\box30
\nofMPsegments=\count112
\nofMParguments=\count113
\everyMPshowfont=\toks25
\MPscratchCnt=\count114
\MPscratchDim=\dimen120
\MPnumerator=\count115
\makeMPintoPDFobject=\count116
\everyMPtoPDFconversion=\toks26
)
\AtBeginShipoutBox=\box31
Package hyperref Info: Link coloring OFF on input line 19.
 (C:\Users\Sarah\MiKTeX\tex\latex\hyperref\nameref.sty
Package: nameref 2012/10/27 v2.43 Cross-referencing by name of section

(C:\Users\Sarah\MiKTeX\tex\generic\oberdiek\gettitlestring.sty
Package: gettitlestring 2010/12/03 v1.4 Cleanup title references (HO)
)
\c@section@level=\count117
)
LaTeX Info: Redefining \ref on input line 19.
LaTeX Info: Redefining \pageref on input line 19.
LaTeX Info: Redefining \nameref on input line 19.

(C:\Users\Sarah\git\latex_idp\Ausarbeitung.out)
(C:\Users\Sarah\git\latex_idp\Ausarbeitung.out)
\@outlinefile=\write3
LaTeX Font Info:    Try loading font information for U+msa on input line 21.

(C:\Users\Sarah\MiKTeX\tex\latex\amsfonts\umsa.fd
File: umsa.fd 2013/01/14 v3.01 AMS symbols A
)
LaTeX Font Info:    Try loading font information for U+msb on input line 21.

(C:\Users\Sarah\MiKTeX\tex\latex\amsfonts\umsb.fd
File: umsb.fd 2013/01/14 v3.01 AMS symbols B
) [1

{C:/Users/Sarah/AppData/Local/MiKTeX/2.9/pdftex/config/pdftex.map}]
(C:\Users\Sarah\git\latex_idp\Ausarbeitung.toc)
\tf@toc=\write4
 [2]
<Abbildungen/version_1.png, id=122, 870.25125pt x 651.43375pt>
File: Abbildungen/version_1.png Graphic file (type png)

<use Abbildungen/version_1.png>
Package pdftex.def Info: Abbildungen/version_1.png used on input line 67.
(pdftex.def)             Requested size: 310.4979pt x 232.42854pt.
 [3]
Underfull \hbox (badness 10000) in paragraph at lines 72--73

 []


Underfull \hbox (badness 10000) in paragraph at lines 74--75

 []


Underfull \hbox (badness 10000) in paragraph at lines 76--77

 []


Underfull \hbox (badness 10000) in paragraph at lines 78--79

 []

[4pdfTeX warning (ext4): destination with the same identifier (name{figure.1}) 
has been already used, duplicate ignored

\AtBegShi@Output ...ipout \box \AtBeginShipoutBox 
                                                  \fi \fi 
l.79 
      <C:/Users/Sarah/git/latex_idp/Abbildungen/version_1.png>]
Underfull \hbox (badness 10000) in paragraph at lines 80--81

 []


Underfull \hbox (badness 10000) in paragraph at lines 82--84

 []


Underfull \hbox (badness 10000) in paragraph at lines 85--87

 []


Underfull \hbox (badness 10000) in paragraph at lines 88--89

 []

[5]
Underfull \hbox (badness 10000) in paragraph at lines 99--100

 []

<Abbildungen/ErweitertesTool1.JPG, id=142, 742.27313pt x 392.21532pt>
File: Abbildungen/ErweitertesTool1.JPG Graphic file (type jpg)

<use Abbildungen/ErweitertesTool1.JPG>
Package pdftex.def Info: Abbildungen/ErweitertesTool1.JPG used on input line 10
4.
(pdftex.def)             Requested size: 310.4979pt x 164.07098pt.

Underfull \hbox (badness 10000) in paragraph at lines 109--110

 []


Underfull \hbox (badness 10000) in paragraph at lines 111--112

 []


Underfull \hbox (badness 10000) in paragraph at lines 113--114

 []

[6pdfTeX warning (ext4): destination with the same identifier (name{figure.2}) 
has been already used, duplicate ignored

\AtBegShi@Output ...ipout \box \AtBeginShipoutBox 
                                                  \fi \fi 
l.114 
       <C:/Users/Sarah/git/latex_idp/Abbildungen/ErweitertesTool1.JPG>]
Underfull \hbox (badness 10000) in paragraph at lines 115--116

 []

<Abbildungen/Browse-Button.png, id=159, 1023.07219pt x 536.75531pt>
File: Abbildungen/Browse-Button.png Graphic file (type png)

<use Abbildungen/Browse-Button.png>
Package pdftex.def Info: Abbildungen/Browse-Button.png used on input line 129.
(pdftex.def)             Requested size: 310.4979pt x 162.90338pt.
 [7]

LaTeX Font Warning: Font shape `OT1/cmr/bx/sc' undefined
(Font)              using `OT1/cmr/bx/n' instead on input line 135.


Underfull \hbox (badness 10000) in paragraph at lines 137--138

 []


Underfull \hbox (badness 1394) in paragraph at lines 139--141
[]\OT1/cmr/m/n/10 Den \OT1/cmr/m/sc/10 Mat-lab\OT1/cmr/m/n/10 -Funktionen wird 
da-bei der Da-teipfad und der Da-teiname
 []


Underfull \hbox (badness 5667) in paragraph at lines 139--141
\OT1/cmr/m/n/10 der zu-vor aus-gew[]ahl-ten csv-Datei []uber-ge-ben. Es wird di
e Funk-ti-on
 []


Underfull \hbox (badness 4543) in paragraph at lines 139--141
$\OML/cmm/m/it/10 FindSensorName\OT1/cmr/m/n/10 (1\OML/cmm/m/it/10 ; file[]path
\OT1/cmr/m/n/10 )$ auf-ge-ru-fen. Ent-spre-chend des Funk-ti-ons-
 []


Underfull \hbox (badness 10000) in paragraph at lines 139--141

 []


Underfull \hbox (badness 2970) in paragraph at lines 142--144
[]\OT1/cmr/m/n/10 Auch die Fre-quenz des Sen-sor kann mit Hil-fe der \OT1/cmr/m
/sc/10 Mat-lab\OT1/cmr/m/n/10 -Funktion
 []


Underfull \hbox (badness 5403) in paragraph at lines 142--144
$\OML/cmm/m/it/10 FindSensorFrequency\OT1/cmr/m/n/10 (1\OML/cmm/m/it/10 ; file[
]path\OT1/cmr/m/n/10 )$ be-stimmt wer-den. Auch die-ses Er-
 []


Underfull \hbox (badness 10000) in paragraph at lines 142--144

 []


Underfull \hbox (badness 10000) in paragraph at lines 145--146

 []


Underfull \hbox (badness 10000) in paragraph at lines 147--148

 []

[8pdfTeX warning (ext4): destination with the same identifier (name{figure.3}) 
has been already used, duplicate ignored

\AtBegShi@Output ...ipout \box \AtBeginShipoutBox 
                                                  \fi \fi 
l.149 Z
       um Schluss wird der \textit{Load}-Button zur Nutzung freigeschalten. <C:
/Users/Sarah/git/latex_idp/Abbildungen/Browse-Button.png>]
Underfull \hbox (badness 2285) in paragraph at lines 159--160
\OT1/cmr/m/it/10 su-re-ment \OT1/cmr/m/n/10 wer-den von hier aus die ent-spre-c
hen-den \OT1/cmr/m/sc/10 Mat-lab\OT1/cmr/m/n/10 -Funktionen
 []


Underfull \hbox (badness 10000) in paragraph at lines 159--160

 []


Underfull \hbox (badness 10000) in paragraph at lines 161--162

 []


Underfull \hbox (badness 4132) in paragraph at lines 163--164
$\OML/cmm/m/it/10 count=epochmeasurement$ $FileLoaderKora[]new$ \OT1/cmr/m/n/10
 die Messda-ten aus der
 []


Underfull \hbox (badness 10000) in paragraph at lines 163--164

 []


Underfull \hbox (badness 10000) in paragraph at lines 170--171

 []

[9]
Underfull \hbox (badness 10000) in paragraph at lines 172--173

 []

<Abbildungen/Plot.png, id=176, 658.71094pt x 554.82281pt>
File: Abbildungen/Plot.png Graphic file (type png)

<use Abbildungen/Plot.png>
Package pdftex.def Info: Abbildungen/Plot.png used on input line 177.
(pdftex.def)             Requested size: 241.49895pt x 203.41026pt.

Underfull \hbox (badness 10000) in paragraph at lines 183--184

 []


Underfull \hbox (badness 10000) in paragraph at lines 185--186

 []

[10pdfTeX warning (ext4): destination with the same identifier (name{figure.4})
 has been already used, duplicate ignored

\AtBegShi@Output ...ipout \box \AtBeginShipoutBox 
                                                  \fi \fi 
l.187 B
       ei \textit{raw data measurement} zeigt das Diagramm statt nur einer A...
 <C:/Users/Sarah/git/latex_idp/Abbildungen/Plot.png>]
Underfull \hbox (badness 10000) in paragraph at lines 191--192

 []


Underfull \hbox (badness 10000) in paragraph at lines 193--194

 []

[11]
Underfull \hbox (badness 1019) in paragraph at lines 208--209
\OT1/cmr/m/n/10 Me-tho-de \OT1/cmr/m/it/10 pu-blic sta-tic boo-lean Ko-ra-Step5
VanHees(String de-vi-ce, String fi-
 []


Underfull \hbox (badness 1237) in paragraph at lines 208--209
\OT1/cmr/m/it/10 le, int fre-quen-cy) \OT1/cmr/m/n/10 in der Klas-se \OT1/cmr/m
/it/10 Ko-ra-Steps \OT1/cmr/m/n/10 auf-ge-ru-fen. []Uber die-se wird
 []


Underfull \hbox (badness 10000) in paragraph at lines 208--209

 []


Underfull \hbox (badness 10000) in paragraph at lines 210--211

 []


Underfull \hbox (badness 10000) in paragraph at lines 216--217

 []

[12]
Underfull \hbox (badness 1331) in paragraph at lines 221--222
\OT1/cmr/m/it/10 String start-Da-te, String start-Ti-me) \OT1/cmr/m/n/10 auf-ge
-ru-fen. Die-se []off-net so-gleich die
 []


Underfull \hbox (badness 1635) in paragraph at lines 221--222
\OT1/cmr/m/sc/10 Mat-lab\OT1/cmr/m/n/10 -Funktion $\OML/cmm/m/it/10 calculateCo
unts\OT1/cmr/m/n/10 1(\OML/cmm/m/it/10 path; file; hz; sensor; d; t\OT1/cmr/m/n
/10 )$. Da f[]ur die
 []


Underfull \hbox (badness 10000) in paragraph at lines 221--222

 []


Underfull \hbox (badness 10000) in paragraph at lines 223--224

 []


Underfull \hbox (badness 10000) in paragraph at lines 225--226

 []


Underfull \hbox (badness 10000) in paragraph at lines 227--228

 []

[13]

LaTeX Warning: Reference `Der Browse-Button' on page 14 undefined on input line
 243.


LaTeX Warning: File `Abbildungen/Browse.png' not found on input line 248.


! Package pdftex.def Error: File `Abbildungen/Browse.png' not found.

See the pdftex.def package documentation for explanation.
Type  H <return>  for immediate help.
 ...                                              
                                                  
l.248 }
       
Using draft setting for this image.
Try typing  <return>  to proceed.
If that doesn't work, type  X <return>  to quit.

[14]

LaTeX Warning: Reference `browse' on page 15 undefined on input line 253.

Package atveryend Info: Empty hook `BeforeClearDocument' on input line 264.
[15pdfTeX warning (ext4): destination with the same identifier (name{figure.5})
 has been already used, duplicate ignored

\AtBegShi@Output ...ipout \box \AtBeginShipoutBox 
                                                  \fi \fi 
l.264 \end{document}
                    ]
Package atveryend Info: Empty hook `AfterLastShipout' on input line 264.
 (C:\Users\Sarah\git\latex_idp\Ausarbeitung.aux)
Package atveryend Info: Executing hook `AtVeryEndDocument' on input line 264.
Package atveryend Info: Executing hook `AtEndAfterFileList' on input line 264.


Package rerunfilecheck Warning: File `Ausarbeitung.out' has changed.
(rerunfilecheck)                Rerun to get outlines right
(rerunfilecheck)                or use package `bookmark'.

Package rerunfilecheck Info: Checksums for `Ausarbeitung.out':
(rerunfilecheck)             Before: 9583A67F4222A7F1371D791C5FA82FE9;1515
(rerunfilecheck)             After:  273BDD2E59D133921791C3DC8BC9EAFA;2122.

LaTeX Font Warning: Some font shapes were not available, defaults substituted.


LaTeX Warning: There were undefined references.


LaTeX Warning: Label(s) may have changed. Rerun to get cross-references right.

Package atveryend Info: Empty hook `AtVeryVeryEnd' on input line 264.
 ) 
Here is how much of TeX's memory you used:
 6241 strings out of 493921
 88473 string characters out of 3149689
 172301 words of memory out of 3000000
 9403 multiletter control sequences out of 15000+200000
 13930 words of font info for 53 fonts, out of 3000000 for 9000
 841 hyphenation exceptions out of 8191
 36i,7n,28p,1112b,325s stack positions out of 5000i,500n,10000p,200000b,50000s
<C:/Users/Sarah/MiKTeX/fonts/type1/public/amsfonts/cm/cmbx10.pfb><C:/Users/Sa
rah/MiKTeX/fonts/type1/public/amsfonts/cm/cmbx12.pfb><C:/Users/Sarah/MiKTeX/fon
ts/type1/public/amsfonts/cm/cmbx9.pfb><C:/Users/Sarah/MiKTeX/fonts/type1/public
/amsfonts/cm/cmcsc10.pfb><C:/Users/Sarah/MiKTeX/fonts/type1/public/amsfonts/cm/
cmmi10.pfb><C:/Users/Sarah/MiKTeX/fonts/type1/public/amsfonts/cm/cmmi7.pfb><C:/
Users/Sarah/MiKTeX/fonts/type1/public/amsfonts/cm/cmr10.pfb><C:/Users/Sarah/MiK
TeX/fonts/type1/public/amsfonts/cm/cmr12.pfb><C:/Users/Sarah/MiKTeX/fonts/type1
/public/amsfonts/cm/cmr17.pfb><C:/Users/Sarah/MiKTeX/fonts/type1/public/amsfont
s/cm/cmr9.pfb><C:/Users/Sarah/MiKTeX/fonts/type1/public/amsfonts/cm/cmti10.pfb>
<C:/Users/Sarah/MiKTeX/fonts/type1/public/amsfonts/cm/cmtt10.pfb>
Output written on Ausarbeitung.pdf (15 pages, 459407 bytes).
PDF statistics:
 269 PDF objects out of 1000 (max. 8388607)
 50 named destinations out of 1000 (max. 500000)
 181 words of extra memory for PDF output out of 10000 (max. 10000000)

